<?xml version="1.0" encoding="UTF-8"?>
<testsuite name="com.example.onces20.ExampleUnitTest" tests="1" skipped="0" failures="0" errors="0" timestamp="2022-11-03T00:55:33" hostname="LENOVOJEANPAULD" time="0.003">
  <properties/>
  <testcase name="addition_isCorrect" classname="com.example.onces20.ExampleUnitTest" time="0.003"/>
  <system-out><![CDATA[]]></system-out>
  <system-err><![CDATA[]]></system-err>
</testsuite>
